<?xml version="1.0" encoding="UTF-8"?>
<testng-results skipped="0" failed="0" total="1" passed="1">
  <reporter-output>
  </reporter-output>
  <suite name="Suite1" duration-ms="424" started-at="2016-09-07T23:21:47Z" finished-at="2016-09-07T23:21:47Z">
    <groups>
      <group name="myOnlyGroup">
        <method signature="testngTest.temperatureTest()[pri:0, instance:com.seanwhite.apicall.testngTest@a606e6]" name="temperatureTest" class="com.seanwhite.apicall.testngTest"/>
      </group> <!-- myOnlyGroup -->
    </groups>
    <test name="exampletest1" duration-ms="424" started-at="2016-09-07T23:21:47Z" finished-at="2016-09-07T23:21:47Z">
      <class name="com.seanwhite.apicall.testngTest">
        <test-method status="PASS" signature="temperatureTest()[pri:0, instance:com.seanwhite.apicall.testngTest@a606e6]" name="temperatureTest" duration-ms="414" started-at="2016-09-07T19:21:47Z" finished-at="2016-09-07T19:21:47Z">
          <reporter-output>
          </reporter-output>
        </test-method> <!-- temperatureTest -->
      </class> <!-- com.seanwhite.apicall.testngTest -->
    </test> <!-- exampletest1 -->
  </suite> <!-- Suite1 -->
</testng-results>
